[0.019s] Invoking command in '/home/xiaobaige/projects/ROS2_Gazebo_Sim/build/ipc_model_description': CMAKE_PREFIX_PATH=${CMAKE_PREFIX_PATH}:/opt/ros/galactic /usr/bin/cmake /home/xiaobaige/projects/ROS2_Gazebo_Sim/src/ipc_model_description -DCMAKE_INSTALL_PREFIX=/home/xiaobaige/projects/ROS2_Gazebo_Sim/install/ipc_model_description
[0.035s] -- Found ament_cmake: 1.1.6 (/opt/ros/galactic/share/ament_cmake/cmake)
[0.055s] -- Using PYTHON_EXECUTABLE: /usr/bin/python3
[0.095s] -- Override CMake install command with custom implementation using symlinks instead of copying resources
[0.105s] -- Found ament_lint_auto: 0.10.7 (/opt/ros/galactic/share/ament_lint_auto/cmake)
[0.159s] -- Added test 'copyright' to check source files copyright and LICENSE
[0.160s] -- Added test 'flake8' to check Python code syntax and style conventions
[0.160s] -- Added test 'lint_cmake' to check CMake code style
[0.160s] -- Added test 'pep257' to check Python code against some of the style conventions in PEP 257
[0.161s] -- Added test 'xmllint' to check XML markup files
[0.162s] -- Configuring done
[0.163s] -- Generating done
[0.163s] -- Build files have been written to: /home/xiaobaige/projects/ROS2_Gazebo_Sim/build/ipc_model_description
[0.170s] Invoked command in '/home/xiaobaige/projects/ROS2_Gazebo_Sim/build/ipc_model_description' returned '0': CMAKE_PREFIX_PATH=${CMAKE_PREFIX_PATH}:/opt/ros/galactic /usr/bin/cmake /home/xiaobaige/projects/ROS2_Gazebo_Sim/src/ipc_model_description -DCMAKE_INSTALL_PREFIX=/home/xiaobaige/projects/ROS2_Gazebo_Sim/install/ipc_model_description
[0.172s] Invoking command in '/home/xiaobaige/projects/ROS2_Gazebo_Sim/build/ipc_model_description': CMAKE_PREFIX_PATH=${CMAKE_PREFIX_PATH}:/opt/ros/galactic /usr/bin/cmake --build /home/xiaobaige/projects/ROS2_Gazebo_Sim/build/ipc_model_description -- -j12 -l12
[0.217s] Invoked command in '/home/xiaobaige/projects/ROS2_Gazebo_Sim/build/ipc_model_description' returned '0': CMAKE_PREFIX_PATH=${CMAKE_PREFIX_PATH}:/opt/ros/galactic /usr/bin/cmake --build /home/xiaobaige/projects/ROS2_Gazebo_Sim/build/ipc_model_description -- -j12 -l12
[0.246s] Invoking command in '/home/xiaobaige/projects/ROS2_Gazebo_Sim/build/ipc_model_description': CMAKE_PREFIX_PATH=${CMAKE_PREFIX_PATH}:/opt/ros/galactic /usr/bin/cmake --install /home/xiaobaige/projects/ROS2_Gazebo_Sim/build/ipc_model_description
[0.258s] -- Install configuration: ""
[0.258s] -- Execute custom install script
[0.259s] -- Up-to-date symlink: /home/xiaobaige/projects/ROS2_Gazebo_Sim/install/ipc_model_description/share/ipc_model_description/launch/viz.launch.py
[0.259s] -- Up-to-date symlink: /home/xiaobaige/projects/ROS2_Gazebo_Sim/install/ipc_model_description/share/ament_index/resource_index/package_run_dependencies/ipc_model_description
[0.259s] -- Up-to-date symlink: /home/xiaobaige/projects/ROS2_Gazebo_Sim/install/ipc_model_description/share/ament_index/resource_index/parent_prefix_path/ipc_model_description
[0.259s] -- Up-to-date symlink: /home/xiaobaige/projects/ROS2_Gazebo_Sim/install/ipc_model_description/share/ipc_model_description/environment/ament_prefix_path.sh
[0.260s] -- Up-to-date symlink: /home/xiaobaige/projects/ROS2_Gazebo_Sim/install/ipc_model_description/share/ipc_model_description/environment/ament_prefix_path.dsv
[0.260s] -- Up-to-date symlink: /home/xiaobaige/projects/ROS2_Gazebo_Sim/install/ipc_model_description/share/ipc_model_description/environment/path.sh
[0.260s] -- Up-to-date symlink: /home/xiaobaige/projects/ROS2_Gazebo_Sim/install/ipc_model_description/share/ipc_model_description/environment/path.dsv
[0.260s] -- Up-to-date symlink: /home/xiaobaige/projects/ROS2_Gazebo_Sim/install/ipc_model_description/share/ipc_model_description/local_setup.bash
[0.260s] -- Up-to-date symlink: /home/xiaobaige/projects/ROS2_Gazebo_Sim/install/ipc_model_description/share/ipc_model_description/local_setup.sh
[0.260s] -- Up-to-date symlink: /home/xiaobaige/projects/ROS2_Gazebo_Sim/install/ipc_model_description/share/ipc_model_description/local_setup.zsh
[0.260s] -- Up-to-date symlink: /home/xiaobaige/projects/ROS2_Gazebo_Sim/install/ipc_model_description/share/ipc_model_description/local_setup.dsv
[0.261s] -- Symlinking: /home/xiaobaige/projects/ROS2_Gazebo_Sim/install/ipc_model_description/share/ipc_model_description/package.dsv
[0.273s] -- Up-to-date symlink: /home/xiaobaige/projects/ROS2_Gazebo_Sim/install/ipc_model_description/share/ament_index/resource_index/packages/ipc_model_description
[0.273s] -- Up-to-date symlink: /home/xiaobaige/projects/ROS2_Gazebo_Sim/install/ipc_model_description/share/ipc_model_description/cmake/ipc_model_descriptionConfig.cmake
[0.273s] -- Up-to-date symlink: /home/xiaobaige/projects/ROS2_Gazebo_Sim/install/ipc_model_description/share/ipc_model_description/cmake/ipc_model_descriptionConfig-version.cmake
[0.274s] -- Up-to-date symlink: /home/xiaobaige/projects/ROS2_Gazebo_Sim/install/ipc_model_description/share/ipc_model_description/package.xml
[0.290s] Invoked command in '/home/xiaobaige/projects/ROS2_Gazebo_Sim/build/ipc_model_description' returned '0': CMAKE_PREFIX_PATH=${CMAKE_PREFIX_PATH}:/opt/ros/galactic /usr/bin/cmake --install /home/xiaobaige/projects/ROS2_Gazebo_Sim/build/ipc_model_description
