[0.010s] Invoking command in '/home/xiaobaige/projects/ROS2_Gazebo_Sim/build/ipc_controller': AMENT_PREFIX_PATH=/home/xiaobaige/projects/ROS2_Gazebo_Sim/install/ipc_model_description:${AMENT_PREFIX_PATH} CMAKE_PREFIX_PATH=/home/xiaobaige/projects/ROS2_Gazebo_Sim/install/ipc_model_description:/opt/ros/galactic /usr/bin/cmake /home/xiaobaige/projects/ROS2_Gazebo_Sim/src/ipc_controller -DAMENT_CMAKE_SYMLINK_INSTALL=1 -DCMAKE_INSTALL_PREFIX=/home/xiaobaige/projects/ROS2_Gazebo_Sim/install/ipc_controller
[0.024s] -- Found ament_cmake: 1.1.6 (/opt/ros/galactic/share/ament_cmake/cmake)
[0.049s] -- Using PYTHON_EXECUTABLE: /usr/bin/python3
[0.094s] -- Override CMake install command with custom implementation using symlinks instead of copying resources
[0.104s] -- Found ament_lint_auto: 0.10.7 (/opt/ros/galactic/share/ament_lint_auto/cmake)
[0.159s] -- Added test 'copyright' to check source files copyright and LICENSE
[0.160s] -- Added test 'flake8' to check Python code syntax and style conventions
[0.160s] -- Added test 'lint_cmake' to check CMake code style
[0.160s] -- Added test 'pep257' to check Python code against some of the style conventions in PEP 257
[0.161s] -- Added test 'xmllint' to check XML markup files
[0.162s] -- Configuring done
[0.164s] -- Generating done
[0.165s] -- Build files have been written to: /home/xiaobaige/projects/ROS2_Gazebo_Sim/build/ipc_controller
[0.167s] Invoked command in '/home/xiaobaige/projects/ROS2_Gazebo_Sim/build/ipc_controller' returned '0': AMENT_PREFIX_PATH=/home/xiaobaige/projects/ROS2_Gazebo_Sim/install/ipc_model_description:${AMENT_PREFIX_PATH} CMAKE_PREFIX_PATH=/home/xiaobaige/projects/ROS2_Gazebo_Sim/install/ipc_model_description:/opt/ros/galactic /usr/bin/cmake /home/xiaobaige/projects/ROS2_Gazebo_Sim/src/ipc_controller -DAMENT_CMAKE_SYMLINK_INSTALL=1 -DCMAKE_INSTALL_PREFIX=/home/xiaobaige/projects/ROS2_Gazebo_Sim/install/ipc_controller
[0.171s] Invoking command in '/home/xiaobaige/projects/ROS2_Gazebo_Sim/build/ipc_controller': AMENT_PREFIX_PATH=/home/xiaobaige/projects/ROS2_Gazebo_Sim/install/ipc_model_description:${AMENT_PREFIX_PATH} CMAKE_PREFIX_PATH=/home/xiaobaige/projects/ROS2_Gazebo_Sim/install/ipc_model_description:/opt/ros/galactic /usr/bin/cmake --build /home/xiaobaige/projects/ROS2_Gazebo_Sim/build/ipc_controller -- -j12 -l12
[0.214s] Invoked command in '/home/xiaobaige/projects/ROS2_Gazebo_Sim/build/ipc_controller' returned '0': AMENT_PREFIX_PATH=/home/xiaobaige/projects/ROS2_Gazebo_Sim/install/ipc_model_description:${AMENT_PREFIX_PATH} CMAKE_PREFIX_PATH=/home/xiaobaige/projects/ROS2_Gazebo_Sim/install/ipc_model_description:/opt/ros/galactic /usr/bin/cmake --build /home/xiaobaige/projects/ROS2_Gazebo_Sim/build/ipc_controller -- -j12 -l12
[0.246s] Invoking command in '/home/xiaobaige/projects/ROS2_Gazebo_Sim/build/ipc_controller': AMENT_PREFIX_PATH=/home/xiaobaige/projects/ROS2_Gazebo_Sim/install/ipc_model_description:${AMENT_PREFIX_PATH} CMAKE_PREFIX_PATH=/home/xiaobaige/projects/ROS2_Gazebo_Sim/install/ipc_model_description:/opt/ros/galactic /usr/bin/cmake --install /home/xiaobaige/projects/ROS2_Gazebo_Sim/build/ipc_controller
[0.255s] -- Install configuration: ""
[0.256s] -- Execute custom install script
[0.257s] -- Up-to-date symlink: /home/xiaobaige/projects/ROS2_Gazebo_Sim/install/ipc_controller/share/ipc_controller/launch/gazebo.launch.py
[0.257s] -- Up-to-date symlink: /home/xiaobaige/projects/ROS2_Gazebo_Sim/install/ipc_controller/share/ament_index/resource_index/package_run_dependencies/ipc_controller
[0.258s] -- Up-to-date symlink: /home/xiaobaige/projects/ROS2_Gazebo_Sim/install/ipc_controller/share/ament_index/resource_index/parent_prefix_path/ipc_controller
[0.258s] -- Up-to-date symlink: /home/xiaobaige/projects/ROS2_Gazebo_Sim/install/ipc_controller/share/ipc_controller/environment/ament_prefix_path.sh
[0.258s] -- Up-to-date symlink: /home/xiaobaige/projects/ROS2_Gazebo_Sim/install/ipc_controller/share/ipc_controller/environment/ament_prefix_path.dsv
[0.258s] -- Up-to-date symlink: /home/xiaobaige/projects/ROS2_Gazebo_Sim/install/ipc_controller/share/ipc_controller/environment/path.sh
[0.259s] -- Up-to-date symlink: /home/xiaobaige/projects/ROS2_Gazebo_Sim/install/ipc_controller/share/ipc_controller/environment/path.dsv
[0.259s] -- Up-to-date symlink: /home/xiaobaige/projects/ROS2_Gazebo_Sim/install/ipc_controller/share/ipc_controller/local_setup.bash
[0.259s] -- Up-to-date symlink: /home/xiaobaige/projects/ROS2_Gazebo_Sim/install/ipc_controller/share/ipc_controller/local_setup.sh
[0.259s] -- Up-to-date symlink: /home/xiaobaige/projects/ROS2_Gazebo_Sim/install/ipc_controller/share/ipc_controller/local_setup.zsh
[0.259s] -- Up-to-date symlink: /home/xiaobaige/projects/ROS2_Gazebo_Sim/install/ipc_controller/share/ipc_controller/local_setup.dsv
[0.259s] -- Symlinking: /home/xiaobaige/projects/ROS2_Gazebo_Sim/install/ipc_controller/share/ipc_controller/package.dsv
[0.271s] -- Up-to-date symlink: /home/xiaobaige/projects/ROS2_Gazebo_Sim/install/ipc_controller/share/ament_index/resource_index/packages/ipc_controller
[0.271s] -- Up-to-date symlink: /home/xiaobaige/projects/ROS2_Gazebo_Sim/install/ipc_controller/share/ipc_controller/cmake/ipc_controllerConfig.cmake
[0.271s] -- Up-to-date symlink: /home/xiaobaige/projects/ROS2_Gazebo_Sim/install/ipc_controller/share/ipc_controller/cmake/ipc_controllerConfig-version.cmake
[0.272s] -- Up-to-date symlink: /home/xiaobaige/projects/ROS2_Gazebo_Sim/install/ipc_controller/share/ipc_controller/package.xml
[0.277s] Invoked command in '/home/xiaobaige/projects/ROS2_Gazebo_Sim/build/ipc_controller' returned '0': AMENT_PREFIX_PATH=/home/xiaobaige/projects/ROS2_Gazebo_Sim/install/ipc_model_description:${AMENT_PREFIX_PATH} CMAKE_PREFIX_PATH=/home/xiaobaige/projects/ROS2_Gazebo_Sim/install/ipc_model_description:/opt/ros/galactic /usr/bin/cmake --install /home/xiaobaige/projects/ROS2_Gazebo_Sim/build/ipc_controller
