[0.015s] Invoking command in '/home/xiaobaige/projects/ROS2_Gazebo_Sim/build/ipc_model_description': CMAKE_PREFIX_PATH=/opt/ros/galactic /usr/bin/cmake /home/xiaobaige/projects/ROS2_Gazebo_Sim/src/ipc_model_description -DCMAKE_INSTALL_PREFIX=/home/xiaobaige/projects/ROS2_Gazebo_Sim/install/ipc_model_description
[0.028s] -- Found ament_cmake: 1.1.6 (/opt/ros/galactic/share/ament_cmake/cmake)
[0.052s] -- Using PYTHON_EXECUTABLE: /usr/bin/python3
[0.099s] -- Override CMake install command with custom implementation using symlinks instead of copying resources
[0.108s] -- Found ament_lint_auto: 0.10.7 (/opt/ros/galactic/share/ament_lint_auto/cmake)
[0.169s] -- Added test 'copyright' to check source files copyright and LICENSE
[0.169s] -- Added test 'flake8' to check Python code syntax and style conventions
[0.169s] -- Added test 'lint_cmake' to check CMake code style
[0.169s] -- Added test 'pep257' to check Python code against some of the style conventions in PEP 257
[0.169s] -- Added test 'xmllint' to check XML markup files
[0.169s] -- Configuring done
[0.170s] -- Generating done
[0.171s] -- Build files have been written to: /home/xiaobaige/projects/ROS2_Gazebo_Sim/build/ipc_model_description
[0.172s] Invoked command in '/home/xiaobaige/projects/ROS2_Gazebo_Sim/build/ipc_model_description' returned '0': CMAKE_PREFIX_PATH=/opt/ros/galactic /usr/bin/cmake /home/xiaobaige/projects/ROS2_Gazebo_Sim/src/ipc_model_description -DCMAKE_INSTALL_PREFIX=/home/xiaobaige/projects/ROS2_Gazebo_Sim/install/ipc_model_description
[0.175s] Invoking command in '/home/xiaobaige/projects/ROS2_Gazebo_Sim/build/ipc_model_description': CMAKE_PREFIX_PATH=/opt/ros/galactic /usr/bin/cmake --build /home/xiaobaige/projects/ROS2_Gazebo_Sim/build/ipc_model_description -- -j12 -l12
[0.216s] Invoked command in '/home/xiaobaige/projects/ROS2_Gazebo_Sim/build/ipc_model_description' returned '0': CMAKE_PREFIX_PATH=/opt/ros/galactic /usr/bin/cmake --build /home/xiaobaige/projects/ROS2_Gazebo_Sim/build/ipc_model_description -- -j12 -l12
[0.243s] Invoking command in '/home/xiaobaige/projects/ROS2_Gazebo_Sim/build/ipc_model_description': CMAKE_PREFIX_PATH=/opt/ros/galactic /usr/bin/cmake --install /home/xiaobaige/projects/ROS2_Gazebo_Sim/build/ipc_model_description
[0.252s] -- Install configuration: ""
[0.253s] -- Execute custom install script
[0.253s] -- Up-to-date symlink: /home/xiaobaige/projects/ROS2_Gazebo_Sim/install/ipc_model_description/share/ipc_model_description/launch/viz.launch.py
[0.254s] -- Up-to-date symlink: /home/xiaobaige/projects/ROS2_Gazebo_Sim/install/ipc_model_description/share/ipc_model_description/urdf/ball.part
[0.254s] -- Up-to-date symlink: /home/xiaobaige/projects/ROS2_Gazebo_Sim/install/ipc_model_description/share/ipc_model_description/urdf/ball.stl
[0.254s] -- Up-to-date symlink: /home/xiaobaige/projects/ROS2_Gazebo_Sim/install/ipc_model_description/share/ipc_model_description/urdf/car_body.part
[0.254s] -- Up-to-date symlink: /home/xiaobaige/projects/ROS2_Gazebo_Sim/install/ipc_model_description/share/ipc_model_description/urdf/car_body.stl
[0.254s] -- Up-to-date symlink: /home/xiaobaige/projects/ROS2_Gazebo_Sim/install/ipc_model_description/share/ipc_model_description/urdf/config.json
[0.255s] -- Up-to-date symlink: /home/xiaobaige/projects/ROS2_Gazebo_Sim/install/ipc_model_description/share/ipc_model_description/urdf/pendulum.part
[0.255s] -- Up-to-date symlink: /home/xiaobaige/projects/ROS2_Gazebo_Sim/install/ipc_model_description/share/ipc_model_description/urdf/pendulum.stl
[0.255s] -- Up-to-date symlink: /home/xiaobaige/projects/ROS2_Gazebo_Sim/install/ipc_model_description/share/ipc_model_description/urdf/robot.urdf
[0.255s] -- Up-to-date symlink: /home/xiaobaige/projects/ROS2_Gazebo_Sim/install/ipc_model_description/share/ipc_model_description/urdf/wheel.part
[0.255s] -- Up-to-date symlink: /home/xiaobaige/projects/ROS2_Gazebo_Sim/install/ipc_model_description/share/ipc_model_description/urdf/wheel.stl
[0.255s] -- Symlinking: /home/xiaobaige/projects/ROS2_Gazebo_Sim/install/ipc_model_description/share/ipc_model_description/rviz/viz.rviz
[0.263s] -- Up-to-date symlink: /home/xiaobaige/projects/ROS2_Gazebo_Sim/install/ipc_model_description/share/ament_index/resource_index/package_run_dependencies/ipc_model_description
[0.263s] -- Up-to-date symlink: /home/xiaobaige/projects/ROS2_Gazebo_Sim/install/ipc_model_description/share/ament_index/resource_index/parent_prefix_path/ipc_model_description
[0.263s] -- Up-to-date symlink: /home/xiaobaige/projects/ROS2_Gazebo_Sim/install/ipc_model_description/share/ipc_model_description/environment/ament_prefix_path.sh
[0.263s] -- Up-to-date symlink: /home/xiaobaige/projects/ROS2_Gazebo_Sim/install/ipc_model_description/share/ipc_model_description/environment/ament_prefix_path.dsv
[0.263s] -- Up-to-date symlink: /home/xiaobaige/projects/ROS2_Gazebo_Sim/install/ipc_model_description/share/ipc_model_description/environment/path.sh
[0.263s] -- Up-to-date symlink: /home/xiaobaige/projects/ROS2_Gazebo_Sim/install/ipc_model_description/share/ipc_model_description/environment/path.dsv
[0.264s] -- Up-to-date symlink: /home/xiaobaige/projects/ROS2_Gazebo_Sim/install/ipc_model_description/share/ipc_model_description/local_setup.bash
[0.264s] -- Up-to-date symlink: /home/xiaobaige/projects/ROS2_Gazebo_Sim/install/ipc_model_description/share/ipc_model_description/local_setup.sh
[0.264s] -- Up-to-date symlink: /home/xiaobaige/projects/ROS2_Gazebo_Sim/install/ipc_model_description/share/ipc_model_description/local_setup.zsh
[0.264s] -- Up-to-date symlink: /home/xiaobaige/projects/ROS2_Gazebo_Sim/install/ipc_model_description/share/ipc_model_description/local_setup.dsv
[0.265s] -- Symlinking: /home/xiaobaige/projects/ROS2_Gazebo_Sim/install/ipc_model_description/share/ipc_model_description/package.dsv
[0.276s] -- Up-to-date symlink: /home/xiaobaige/projects/ROS2_Gazebo_Sim/install/ipc_model_description/share/ament_index/resource_index/packages/ipc_model_description
[0.276s] -- Up-to-date symlink: /home/xiaobaige/projects/ROS2_Gazebo_Sim/install/ipc_model_description/share/ipc_model_description/cmake/ipc_model_descriptionConfig.cmake
[0.277s] -- Up-to-date symlink: /home/xiaobaige/projects/ROS2_Gazebo_Sim/install/ipc_model_description/share/ipc_model_description/cmake/ipc_model_descriptionConfig-version.cmake
[0.277s] -- Up-to-date symlink: /home/xiaobaige/projects/ROS2_Gazebo_Sim/install/ipc_model_description/share/ipc_model_description/package.xml
[0.283s] Invoked command in '/home/xiaobaige/projects/ROS2_Gazebo_Sim/build/ipc_model_description' returned '0': CMAKE_PREFIX_PATH=/opt/ros/galactic /usr/bin/cmake --install /home/xiaobaige/projects/ROS2_Gazebo_Sim/build/ipc_model_description
