[0.009s] Invoking command in '/home/xiaobaige/projects/ROS2_Gazebo_Sim/build/ipc_controller': AMENT_PREFIX_PATH=/home/xiaobaige/projects/ROS2_Gazebo_Sim/install/ipc_model_description:${AMENT_PREFIX_PATH} CMAKE_PREFIX_PATH=/home/xiaobaige/projects/ROS2_Gazebo_Sim/install/ipc_model_description:/opt/ros/galactic /usr/bin/cmake --build /home/xiaobaige/projects/ROS2_Gazebo_Sim/build/ipc_controller -- -j12 -l12
[0.035s] -- Found ament_cmake: 1.1.6 (/opt/ros/galactic/share/ament_cmake/cmake)
[0.058s] -- Using PYTHON_EXECUTABLE: /usr/bin/python3
[0.101s] -- Override CMake install command with custom implementation using symlinks instead of copying resources
[0.112s] -- Found ament_lint_auto: 0.10.7 (/opt/ros/galactic/share/ament_lint_auto/cmake)
[0.166s] -- Added test 'copyright' to check source files copyright and LICENSE
[0.167s] -- Added test 'flake8' to check Python code syntax and style conventions
[0.168s] -- Added test 'lint_cmake' to check CMake code style
[0.168s] -- Added test 'pep257' to check Python code against some of the style conventions in PEP 257
[0.169s] -- Added test 'xmllint' to check XML markup files
[0.170s] -- Configuring done
[0.171s] -- Generating done
[0.172s] -- Build files have been written to: /home/xiaobaige/projects/ROS2_Gazebo_Sim/build/ipc_controller
[0.190s] Invoked command in '/home/xiaobaige/projects/ROS2_Gazebo_Sim/build/ipc_controller' returned '0': AMENT_PREFIX_PATH=/home/xiaobaige/projects/ROS2_Gazebo_Sim/install/ipc_model_description:${AMENT_PREFIX_PATH} CMAKE_PREFIX_PATH=/home/xiaobaige/projects/ROS2_Gazebo_Sim/install/ipc_model_description:/opt/ros/galactic /usr/bin/cmake --build /home/xiaobaige/projects/ROS2_Gazebo_Sim/build/ipc_controller -- -j12 -l12
[0.212s] Invoking command in '/home/xiaobaige/projects/ROS2_Gazebo_Sim/build/ipc_controller': AMENT_PREFIX_PATH=/home/xiaobaige/projects/ROS2_Gazebo_Sim/install/ipc_model_description:${AMENT_PREFIX_PATH} CMAKE_PREFIX_PATH=/home/xiaobaige/projects/ROS2_Gazebo_Sim/install/ipc_model_description:/opt/ros/galactic /usr/bin/cmake --install /home/xiaobaige/projects/ROS2_Gazebo_Sim/build/ipc_controller
[0.224s] -- Install configuration: ""
[0.225s] -- Execute custom install script
[0.226s] -- Symlinking: /home/xiaobaige/projects/ROS2_Gazebo_Sim/install/ipc_controller/share/ipc_controller/launch/gazebo.launch.py
[0.240s] -- Up-to-date symlink: /home/xiaobaige/projects/ROS2_Gazebo_Sim/install/ipc_controller/share/ament_index/resource_index/package_run_dependencies/ipc_controller
[0.240s] -- Up-to-date symlink: /home/xiaobaige/projects/ROS2_Gazebo_Sim/install/ipc_controller/share/ament_index/resource_index/parent_prefix_path/ipc_controller
[0.241s] -- Up-to-date symlink: /home/xiaobaige/projects/ROS2_Gazebo_Sim/install/ipc_controller/share/ipc_controller/environment/ament_prefix_path.sh
[0.241s] -- Up-to-date symlink: /home/xiaobaige/projects/ROS2_Gazebo_Sim/install/ipc_controller/share/ipc_controller/environment/ament_prefix_path.dsv
[0.242s] -- Up-to-date symlink: /home/xiaobaige/projects/ROS2_Gazebo_Sim/install/ipc_controller/share/ipc_controller/environment/path.sh
[0.242s] -- Up-to-date symlink: /home/xiaobaige/projects/ROS2_Gazebo_Sim/install/ipc_controller/share/ipc_controller/environment/path.dsv
[0.243s] -- Up-to-date symlink: /home/xiaobaige/projects/ROS2_Gazebo_Sim/install/ipc_controller/share/ipc_controller/local_setup.bash
[0.243s] -- Up-to-date symlink: /home/xiaobaige/projects/ROS2_Gazebo_Sim/install/ipc_controller/share/ipc_controller/local_setup.sh
[0.244s] -- Up-to-date symlink: /home/xiaobaige/projects/ROS2_Gazebo_Sim/install/ipc_controller/share/ipc_controller/local_setup.zsh
[0.244s] -- Up-to-date symlink: /home/xiaobaige/projects/ROS2_Gazebo_Sim/install/ipc_controller/share/ipc_controller/local_setup.dsv
[0.244s] -- Symlinking: /home/xiaobaige/projects/ROS2_Gazebo_Sim/install/ipc_controller/share/ipc_controller/package.dsv
[0.257s] -- Up-to-date symlink: /home/xiaobaige/projects/ROS2_Gazebo_Sim/install/ipc_controller/share/ament_index/resource_index/packages/ipc_controller
[0.257s] -- Up-to-date symlink: /home/xiaobaige/projects/ROS2_Gazebo_Sim/install/ipc_controller/share/ipc_controller/cmake/ipc_controllerConfig.cmake
[0.257s] -- Up-to-date symlink: /home/xiaobaige/projects/ROS2_Gazebo_Sim/install/ipc_controller/share/ipc_controller/cmake/ipc_controllerConfig-version.cmake
[0.258s] -- Up-to-date symlink: /home/xiaobaige/projects/ROS2_Gazebo_Sim/install/ipc_controller/share/ipc_controller/package.xml
[0.263s] Invoked command in '/home/xiaobaige/projects/ROS2_Gazebo_Sim/build/ipc_controller' returned '0': AMENT_PREFIX_PATH=/home/xiaobaige/projects/ROS2_Gazebo_Sim/install/ipc_model_description:${AMENT_PREFIX_PATH} CMAKE_PREFIX_PATH=/home/xiaobaige/projects/ROS2_Gazebo_Sim/install/ipc_model_description:/opt/ros/galactic /usr/bin/cmake --install /home/xiaobaige/projects/ROS2_Gazebo_Sim/build/ipc_controller
