[0.018s] Invoking command in '/home/xiaobaige/projects/ROS2_Gazebo_Sim/build/ipc_controller': CMAKE_PREFIX_PATH=${CMAKE_PREFIX_PATH}:/opt/ros/galactic /usr/bin/cmake --build /home/xiaobaige/projects/ROS2_Gazebo_Sim/build/ipc_controller -- -j12 -l12
[0.054s] Invoked command in '/home/xiaobaige/projects/ROS2_Gazebo_Sim/build/ipc_controller' returned '0': CMAKE_PREFIX_PATH=${CMAKE_PREFIX_PATH}:/opt/ros/galactic /usr/bin/cmake --build /home/xiaobaige/projects/ROS2_Gazebo_Sim/build/ipc_controller -- -j12 -l12
[0.084s] Invoking command in '/home/xiaobaige/projects/ROS2_Gazebo_Sim/build/ipc_controller': CMAKE_PREFIX_PATH=${CMAKE_PREFIX_PATH}:/opt/ros/galactic /usr/bin/cmake --install /home/xiaobaige/projects/ROS2_Gazebo_Sim/build/ipc_controller
[0.091s] -- Install configuration: ""
[0.091s] -- Execute custom install script
[0.092s] -- Up-to-date symlink: /home/xiaobaige/projects/ROS2_Gazebo_Sim/install/ipc_controller/share/ament_index/resource_index/package_run_dependencies/ipc_controller
[0.092s] -- Up-to-date symlink: /home/xiaobaige/projects/ROS2_Gazebo_Sim/install/ipc_controller/share/ament_index/resource_index/parent_prefix_path/ipc_controller
[0.092s] -- Up-to-date symlink: /home/xiaobaige/projects/ROS2_Gazebo_Sim/install/ipc_controller/share/ipc_controller/environment/ament_prefix_path.sh
[0.092s] -- Up-to-date symlink: /home/xiaobaige/projects/ROS2_Gazebo_Sim/install/ipc_controller/share/ipc_controller/environment/ament_prefix_path.dsv
[0.093s] -- Up-to-date symlink: /home/xiaobaige/projects/ROS2_Gazebo_Sim/install/ipc_controller/share/ipc_controller/environment/path.sh
[0.093s] -- Up-to-date symlink: /home/xiaobaige/projects/ROS2_Gazebo_Sim/install/ipc_controller/share/ipc_controller/environment/path.dsv
[0.093s] -- Up-to-date symlink: /home/xiaobaige/projects/ROS2_Gazebo_Sim/install/ipc_controller/share/ipc_controller/local_setup.bash
[0.093s] -- Up-to-date symlink: /home/xiaobaige/projects/ROS2_Gazebo_Sim/install/ipc_controller/share/ipc_controller/local_setup.sh
[0.093s] -- Up-to-date symlink: /home/xiaobaige/projects/ROS2_Gazebo_Sim/install/ipc_controller/share/ipc_controller/local_setup.zsh
[0.094s] -- Up-to-date symlink: /home/xiaobaige/projects/ROS2_Gazebo_Sim/install/ipc_controller/share/ipc_controller/local_setup.dsv
[0.094s] -- Symlinking: /home/xiaobaige/projects/ROS2_Gazebo_Sim/install/ipc_controller/share/ipc_controller/package.dsv
[0.105s] -- Up-to-date symlink: /home/xiaobaige/projects/ROS2_Gazebo_Sim/install/ipc_controller/share/ament_index/resource_index/packages/ipc_controller
[0.105s] -- Up-to-date symlink: /home/xiaobaige/projects/ROS2_Gazebo_Sim/install/ipc_controller/share/ipc_controller/cmake/ipc_controllerConfig.cmake
[0.105s] -- Up-to-date symlink: /home/xiaobaige/projects/ROS2_Gazebo_Sim/install/ipc_controller/share/ipc_controller/cmake/ipc_controllerConfig-version.cmake
[0.105s] -- Up-to-date symlink: /home/xiaobaige/projects/ROS2_Gazebo_Sim/install/ipc_controller/share/ipc_controller/package.xml
[0.108s] Invoked command in '/home/xiaobaige/projects/ROS2_Gazebo_Sim/build/ipc_controller' returned '0': CMAKE_PREFIX_PATH=${CMAKE_PREFIX_PATH}:/opt/ros/galactic /usr/bin/cmake --install /home/xiaobaige/projects/ROS2_Gazebo_Sim/build/ipc_controller
