[0.173s] DEBUG:colcon:Command line arguments: ['/usr/bin/colcon', 'build', '--symlink-install']
[0.173s] DEBUG:colcon:Parsed command line arguments: Namespace(allow_overriding=[], ament_cmake_args=None, base_paths=['.'], build_base='build', catkin_cmake_args=None, catkin_skip_building_tests=False, cmake_args=None, cmake_clean_cache=False, cmake_clean_first=False, cmake_force_configure=False, cmake_target=None, cmake_target_skip_unavailable=False, continue_on_error=False, event_handlers=None, executor='parallel', ignore_user_meta=False, install_base='install', log_base=None, log_level=None, main=<bound method BuildVerb.main of <colcon_core.verb.build.BuildVerb object at 0x7f5e0b7a3190>>, merge_install=False, metas=['./colcon.meta'], packages_above=None, packages_above_and_dependencies=None, packages_above_depth=None, packages_end=None, packages_ignore=None, packages_ignore_regex=None, packages_select=None, packages_select_build_failed=False, packages_select_by_dep=None, packages_select_regex=None, packages_select_test_failures=False, packages_skip=None, packages_skip_build_finished=False, packages_skip_by_dep=None, packages_skip_regex=None, packages_skip_test_passed=False, packages_skip_up_to=None, packages_start=None, packages_up_to=None, packages_up_to_regex=None, parallel_workers=12, paths=None, symlink_install=True, test_result_base=None, verb_extension=<colcon_core.verb.build.BuildVerb object at 0x7f5e0b7a3190>, verb_name='build', verb_parser=<colcon_defaults.argument_parser.defaults.DefaultArgumentsDecorator object at 0x7f5e0b7a36d0>)
[0.188s] Level 1:colcon.colcon_core.package_discovery:discover_packages(colcon_meta) check parameters
[0.188s] Level 1:colcon.colcon_core.package_discovery:discover_packages(recursive) check parameters
[0.188s] Level 1:colcon.colcon_core.package_discovery:discover_packages(ignore) check parameters
[0.188s] Level 1:colcon.colcon_core.package_discovery:discover_packages(path) check parameters
[0.188s] Level 1:colcon.colcon_core.package_discovery:discover_packages(colcon_meta) discover
[0.188s] Level 1:colcon.colcon_core.package_discovery:discover_packages(recursive) discover
[0.188s] INFO:colcon.colcon_core.package_discovery:Crawling recursively for packages in '/home/xiaobaige/projects/ROS2_Gazebo_Sim'
[0.188s] Level 1:colcon.colcon_core.package_identification:_identify(.) by extensions ['ignore', 'ignore_ament_install']
[0.188s] Level 1:colcon.colcon_core.package_identification:_identify(.) by extension 'ignore'
[0.188s] Level 1:colcon.colcon_core.package_identification:_identify(.) by extension 'ignore_ament_install'
[0.188s] Level 1:colcon.colcon_core.package_identification:_identify(.) by extensions ['colcon_pkg']
[0.188s] Level 1:colcon.colcon_core.package_identification:_identify(.) by extension 'colcon_pkg'
[0.188s] Level 1:colcon.colcon_core.package_identification:_identify(.) by extensions ['colcon_meta']
[0.188s] Level 1:colcon.colcon_core.package_identification:_identify(.) by extension 'colcon_meta'
[0.189s] Level 1:colcon.colcon_core.package_identification:_identify(.) by extensions ['ros']
[0.189s] Level 1:colcon.colcon_core.package_identification:_identify(.) by extension 'ros'
[0.200s] Level 1:colcon.colcon_core.package_identification:_identify(.) by extensions ['cmake', 'python']
[0.200s] Level 1:colcon.colcon_core.package_identification:_identify(.) by extension 'cmake'
[0.200s] Level 1:colcon.colcon_core.package_identification:_identify(.) by extension 'python'
[0.200s] Level 1:colcon.colcon_core.package_identification:_identify(.) by extensions ['python_setup_py']
[0.200s] Level 1:colcon.colcon_core.package_identification:_identify(.) by extension 'python_setup_py'
[0.200s] Level 1:colcon.colcon_core.package_identification:_identify(build) by extensions ['ignore', 'ignore_ament_install']
[0.200s] Level 1:colcon.colcon_core.package_identification:_identify(build) by extension 'ignore'
[0.200s] Level 1:colcon.colcon_core.package_identification:_identify(build) ignored
[0.201s] Level 1:colcon.colcon_core.package_identification:_identify(install) by extensions ['ignore', 'ignore_ament_install']
[0.201s] Level 1:colcon.colcon_core.package_identification:_identify(install) by extension 'ignore'
[0.201s] Level 1:colcon.colcon_core.package_identification:_identify(install) ignored
[0.201s] Level 1:colcon.colcon_core.package_identification:_identify(log) by extensions ['ignore', 'ignore_ament_install']
[0.201s] Level 1:colcon.colcon_core.package_identification:_identify(log) by extension 'ignore'
[0.201s] Level 1:colcon.colcon_core.package_identification:_identify(log) ignored
[0.201s] Level 1:colcon.colcon_core.package_identification:_identify(src) by extensions ['ignore', 'ignore_ament_install']
[0.201s] Level 1:colcon.colcon_core.package_identification:_identify(src) by extension 'ignore'
[0.201s] Level 1:colcon.colcon_core.package_identification:_identify(src) by extension 'ignore_ament_install'
[0.201s] Level 1:colcon.colcon_core.package_identification:_identify(src) by extensions ['colcon_pkg']
[0.201s] Level 1:colcon.colcon_core.package_identification:_identify(src) by extension 'colcon_pkg'
[0.201s] Level 1:colcon.colcon_core.package_identification:_identify(src) by extensions ['colcon_meta']
[0.201s] Level 1:colcon.colcon_core.package_identification:_identify(src) by extension 'colcon_meta'
[0.201s] Level 1:colcon.colcon_core.package_identification:_identify(src) by extensions ['ros']
[0.201s] Level 1:colcon.colcon_core.package_identification:_identify(src) by extension 'ros'
[0.201s] Level 1:colcon.colcon_core.package_identification:_identify(src) by extensions ['cmake', 'python']
[0.201s] Level 1:colcon.colcon_core.package_identification:_identify(src) by extension 'cmake'
[0.201s] Level 1:colcon.colcon_core.package_identification:_identify(src) by extension 'python'
[0.201s] Level 1:colcon.colcon_core.package_identification:_identify(src) by extensions ['python_setup_py']
[0.201s] Level 1:colcon.colcon_core.package_identification:_identify(src) by extension 'python_setup_py'
[0.201s] Level 1:colcon.colcon_core.package_identification:_identify(src/ipc_controller) by extensions ['ignore', 'ignore_ament_install']
[0.201s] Level 1:colcon.colcon_core.package_identification:_identify(src/ipc_controller) by extension 'ignore'
[0.201s] Level 1:colcon.colcon_core.package_identification:_identify(src/ipc_controller) by extension 'ignore_ament_install'
[0.201s] Level 1:colcon.colcon_core.package_identification:_identify(src/ipc_controller) by extensions ['colcon_pkg']
[0.201s] Level 1:colcon.colcon_core.package_identification:_identify(src/ipc_controller) by extension 'colcon_pkg'
[0.201s] Level 1:colcon.colcon_core.package_identification:_identify(src/ipc_controller) by extensions ['colcon_meta']
[0.201s] Level 1:colcon.colcon_core.package_identification:_identify(src/ipc_controller) by extension 'colcon_meta'
[0.201s] Level 1:colcon.colcon_core.package_identification:_identify(src/ipc_controller) by extensions ['ros']
[0.201s] Level 1:colcon.colcon_core.package_identification:_identify(src/ipc_controller) by extension 'ros'
[0.203s] DEBUG:colcon.colcon_core.package_identification:Package 'src/ipc_controller' with type 'ros.ament_cmake' and name 'ipc_controller'
[0.203s] Level 1:colcon.colcon_core.package_identification:_identify(src/ipc_model_description) by extensions ['ignore', 'ignore_ament_install']
[0.203s] Level 1:colcon.colcon_core.package_identification:_identify(src/ipc_model_description) by extension 'ignore'
[0.203s] Level 1:colcon.colcon_core.package_identification:_identify(src/ipc_model_description) by extension 'ignore_ament_install'
[0.203s] Level 1:colcon.colcon_core.package_identification:_identify(src/ipc_model_description) by extensions ['colcon_pkg']
[0.203s] Level 1:colcon.colcon_core.package_identification:_identify(src/ipc_model_description) by extension 'colcon_pkg'
[0.203s] Level 1:colcon.colcon_core.package_identification:_identify(src/ipc_model_description) by extensions ['colcon_meta']
[0.203s] Level 1:colcon.colcon_core.package_identification:_identify(src/ipc_model_description) by extension 'colcon_meta'
[0.203s] Level 1:colcon.colcon_core.package_identification:_identify(src/ipc_model_description) by extensions ['ros']
[0.203s] Level 1:colcon.colcon_core.package_identification:_identify(src/ipc_model_description) by extension 'ros'
[0.203s] DEBUG:colcon.colcon_core.package_identification:Package 'src/ipc_model_description' with type 'ros.ament_cmake' and name 'ipc_model_description'
[0.203s] Level 1:colcon.colcon_core.package_discovery:discover_packages(recursive) using defaults
[0.203s] Level 1:colcon.colcon_core.package_discovery:discover_packages(ignore) discover
[0.203s] Level 1:colcon.colcon_core.package_discovery:discover_packages(ignore) using defaults
[0.203s] Level 1:colcon.colcon_core.package_discovery:discover_packages(path) discover
[0.203s] Level 1:colcon.colcon_core.package_discovery:discover_packages(path) using defaults
[0.215s] Level 1:colcon.colcon_core.package_discovery:discover_packages(prefix_path) check parameters
[0.215s] Level 1:colcon.colcon_core.package_discovery:discover_packages(prefix_path) discover
[0.217s] DEBUG:colcon.colcon_installed_package_information.package_discovery:Found 275 installed packages in /opt/ros/galactic
[0.218s] Level 1:colcon.colcon_core.package_discovery:discover_packages(prefix_path) using defaults
[0.264s] Level 5:colcon.colcon_core.verb:set package 'ipc_controller' build argument 'cmake_args' from command line to 'None'
[0.264s] Level 5:colcon.colcon_core.verb:set package 'ipc_controller' build argument 'cmake_target' from command line to 'None'
[0.264s] Level 5:colcon.colcon_core.verb:set package 'ipc_controller' build argument 'cmake_target_skip_unavailable' from command line to 'False'
[0.264s] Level 5:colcon.colcon_core.verb:set package 'ipc_controller' build argument 'cmake_clean_cache' from command line to 'False'
[0.264s] Level 5:colcon.colcon_core.verb:set package 'ipc_controller' build argument 'cmake_clean_first' from command line to 'False'
[0.264s] Level 5:colcon.colcon_core.verb:set package 'ipc_controller' build argument 'cmake_force_configure' from command line to 'False'
[0.264s] Level 5:colcon.colcon_core.verb:set package 'ipc_controller' build argument 'ament_cmake_args' from command line to 'None'
[0.264s] Level 5:colcon.colcon_core.verb:set package 'ipc_controller' build argument 'catkin_cmake_args' from command line to 'None'
[0.264s] Level 5:colcon.colcon_core.verb:set package 'ipc_controller' build argument 'catkin_skip_building_tests' from command line to 'False'
[0.264s] DEBUG:colcon.colcon_core.verb:Building package 'ipc_controller' with the following arguments: {'ament_cmake_args': None, 'build_base': '/home/xiaobaige/projects/ROS2_Gazebo_Sim/build/ipc_controller', 'catkin_cmake_args': None, 'catkin_skip_building_tests': False, 'cmake_args': None, 'cmake_clean_cache': False, 'cmake_clean_first': False, 'cmake_force_configure': False, 'cmake_target': None, 'cmake_target_skip_unavailable': False, 'install_base': '/home/xiaobaige/projects/ROS2_Gazebo_Sim/install/ipc_controller', 'merge_install': False, 'path': '/home/xiaobaige/projects/ROS2_Gazebo_Sim/src/ipc_controller', 'symlink_install': True, 'test_result_base': None}
[0.265s] Level 5:colcon.colcon_core.verb:set package 'ipc_model_description' build argument 'cmake_args' from command line to 'None'
[0.265s] Level 5:colcon.colcon_core.verb:set package 'ipc_model_description' build argument 'cmake_target' from command line to 'None'
[0.265s] Level 5:colcon.colcon_core.verb:set package 'ipc_model_description' build argument 'cmake_target_skip_unavailable' from command line to 'False'
[0.265s] Level 5:colcon.colcon_core.verb:set package 'ipc_model_description' build argument 'cmake_clean_cache' from command line to 'False'
[0.265s] Level 5:colcon.colcon_core.verb:set package 'ipc_model_description' build argument 'cmake_clean_first' from command line to 'False'
[0.265s] Level 5:colcon.colcon_core.verb:set package 'ipc_model_description' build argument 'cmake_force_configure' from command line to 'False'
[0.265s] Level 5:colcon.colcon_core.verb:set package 'ipc_model_description' build argument 'ament_cmake_args' from command line to 'None'
[0.265s] Level 5:colcon.colcon_core.verb:set package 'ipc_model_description' build argument 'catkin_cmake_args' from command line to 'None'
[0.265s] Level 5:colcon.colcon_core.verb:set package 'ipc_model_description' build argument 'catkin_skip_building_tests' from command line to 'False'
[0.265s] DEBUG:colcon.colcon_core.verb:Building package 'ipc_model_description' with the following arguments: {'ament_cmake_args': None, 'build_base': '/home/xiaobaige/projects/ROS2_Gazebo_Sim/build/ipc_model_description', 'catkin_cmake_args': None, 'catkin_skip_building_tests': False, 'cmake_args': None, 'cmake_clean_cache': False, 'cmake_clean_first': False, 'cmake_force_configure': False, 'cmake_target': None, 'cmake_target_skip_unavailable': False, 'install_base': '/home/xiaobaige/projects/ROS2_Gazebo_Sim/install/ipc_model_description', 'merge_install': False, 'path': '/home/xiaobaige/projects/ROS2_Gazebo_Sim/src/ipc_model_description', 'symlink_install': True, 'test_result_base': None}
[0.266s] INFO:colcon.colcon_core.executor:Executing jobs using 'parallel' executor
[0.268s] DEBUG:colcon.colcon_parallel_executor.executor.parallel:run_until_complete
[0.268s] INFO:colcon.colcon_ros.task.ament_cmake.build:Building ROS package in '/home/xiaobaige/projects/ROS2_Gazebo_Sim/src/ipc_controller' with build type 'ament_cmake'
[0.268s] INFO:colcon.colcon_cmake.task.cmake.build:Building CMake package in '/home/xiaobaige/projects/ROS2_Gazebo_Sim/src/ipc_controller'
[0.271s] INFO:colcon.colcon_core.plugin_system:Skipping extension 'colcon_core.shell.bat': Not used on non-Windows systems
[0.271s] INFO:colcon.colcon_core.shell:Skip shell extension 'powershell' for command environment: Not usable outside of PowerShell
[0.271s] DEBUG:colcon.colcon_core.shell:Skip shell extension 'dsv' for command environment
[0.275s] INFO:colcon.colcon_ros.task.ament_cmake.build:Building ROS package in '/home/xiaobaige/projects/ROS2_Gazebo_Sim/src/ipc_model_description' with build type 'ament_cmake'
[0.275s] INFO:colcon.colcon_cmake.task.cmake.build:Building CMake package in '/home/xiaobaige/projects/ROS2_Gazebo_Sim/src/ipc_model_description'
[0.276s] INFO:colcon.colcon_core.shell:Skip shell extension 'powershell' for command environment: Not usable outside of PowerShell
[0.276s] DEBUG:colcon.colcon_core.shell:Skip shell extension 'dsv' for command environment
[0.285s] DEBUG:colcon.colcon_core.event_handler.log_command:Invoking command in '/home/xiaobaige/projects/ROS2_Gazebo_Sim/build/ipc_controller': CMAKE_PREFIX_PATH=/opt/ros/galactic /usr/bin/cmake /home/xiaobaige/projects/ROS2_Gazebo_Sim/src/ipc_controller -DAMENT_CMAKE_SYMLINK_INSTALL=1 -DCMAKE_INSTALL_PREFIX=/home/xiaobaige/projects/ROS2_Gazebo_Sim/install/ipc_controller
[0.292s] DEBUG:colcon.colcon_core.event_handler.log_command:Invoking command in '/home/xiaobaige/projects/ROS2_Gazebo_Sim/build/ipc_model_description': CMAKE_PREFIX_PATH=/opt/ros/galactic /usr/bin/cmake /home/xiaobaige/projects/ROS2_Gazebo_Sim/src/ipc_model_description -DAMENT_CMAKE_SYMLINK_INSTALL=1 -DCMAKE_INSTALL_PREFIX=/home/xiaobaige/projects/ROS2_Gazebo_Sim/install/ipc_model_description
[0.959s] DEBUG:colcon.colcon_core.event_handler.log_command:Invoked command in '/home/xiaobaige/projects/ROS2_Gazebo_Sim/build/ipc_model_description' returned '0': CMAKE_PREFIX_PATH=/opt/ros/galactic /usr/bin/cmake /home/xiaobaige/projects/ROS2_Gazebo_Sim/src/ipc_model_description -DAMENT_CMAKE_SYMLINK_INSTALL=1 -DCMAKE_INSTALL_PREFIX=/home/xiaobaige/projects/ROS2_Gazebo_Sim/install/ipc_model_description
[0.962s] DEBUG:colcon.colcon_core.event_handler.log_command:Invoking command in '/home/xiaobaige/projects/ROS2_Gazebo_Sim/build/ipc_model_description': CMAKE_PREFIX_PATH=/opt/ros/galactic /usr/bin/cmake --build /home/xiaobaige/projects/ROS2_Gazebo_Sim/build/ipc_model_description -- -j12 -l12
[0.963s] DEBUG:colcon.colcon_core.event_handler.log_command:Invoked command in '/home/xiaobaige/projects/ROS2_Gazebo_Sim/build/ipc_controller' returned '0': CMAKE_PREFIX_PATH=/opt/ros/galactic /usr/bin/cmake /home/xiaobaige/projects/ROS2_Gazebo_Sim/src/ipc_controller -DAMENT_CMAKE_SYMLINK_INSTALL=1 -DCMAKE_INSTALL_PREFIX=/home/xiaobaige/projects/ROS2_Gazebo_Sim/install/ipc_controller
[0.966s] DEBUG:colcon.colcon_core.event_handler.log_command:Invoking command in '/home/xiaobaige/projects/ROS2_Gazebo_Sim/build/ipc_controller': CMAKE_PREFIX_PATH=/opt/ros/galactic /usr/bin/cmake --build /home/xiaobaige/projects/ROS2_Gazebo_Sim/build/ipc_controller -- -j12 -l12
[0.997s] DEBUG:colcon.colcon_core.event_handler.log_command:Invoked command in '/home/xiaobaige/projects/ROS2_Gazebo_Sim/build/ipc_model_description' returned '0': CMAKE_PREFIX_PATH=/opt/ros/galactic /usr/bin/cmake --build /home/xiaobaige/projects/ROS2_Gazebo_Sim/build/ipc_model_description -- -j12 -l12
[1.002s] DEBUG:colcon.colcon_core.event_handler.log_command:Invoked command in '/home/xiaobaige/projects/ROS2_Gazebo_Sim/build/ipc_controller' returned '0': CMAKE_PREFIX_PATH=/opt/ros/galactic /usr/bin/cmake --build /home/xiaobaige/projects/ROS2_Gazebo_Sim/build/ipc_controller -- -j12 -l12
[1.030s] DEBUG:colcon.colcon_core.event_handler.log_command:Invoking command in '/home/xiaobaige/projects/ROS2_Gazebo_Sim/build/ipc_model_description': CMAKE_PREFIX_PATH=/opt/ros/galactic /usr/bin/cmake --install /home/xiaobaige/projects/ROS2_Gazebo_Sim/build/ipc_model_description
[1.036s] DEBUG:colcon.colcon_core.event_handler.log_command:Invoking command in '/home/xiaobaige/projects/ROS2_Gazebo_Sim/build/ipc_controller': CMAKE_PREFIX_PATH=/opt/ros/galactic /usr/bin/cmake --install /home/xiaobaige/projects/ROS2_Gazebo_Sim/build/ipc_controller
[1.158s] Level 1:colcon.colcon_core.environment:create_environment_scripts_only(ipc_model_description)
[1.159s] DEBUG:colcon.colcon_core.event_handler.log_command:Invoked command in '/home/xiaobaige/projects/ROS2_Gazebo_Sim/build/ipc_model_description' returned '0': CMAKE_PREFIX_PATH=/opt/ros/galactic /usr/bin/cmake --install /home/xiaobaige/projects/ROS2_Gazebo_Sim/build/ipc_model_description
[1.168s] Level 1:colcon.colcon_core.environment:checking '/home/xiaobaige/projects/ROS2_Gazebo_Sim/install/ipc_model_description' for CMake module files
[1.169s] Level 1:colcon.colcon_core.environment:checking '/home/xiaobaige/projects/ROS2_Gazebo_Sim/install/ipc_model_description' for CMake config files
[1.169s] Level 1:colcon.colcon_core.shell:create_environment_hook('ipc_model_description', 'cmake_prefix_path')
[1.171s] INFO:colcon.colcon_core.shell:Creating environment hook '/home/xiaobaige/projects/ROS2_Gazebo_Sim/install/ipc_model_description/share/ipc_model_description/hook/cmake_prefix_path.ps1'
[1.172s] INFO:colcon.colcon_core.shell:Creating environment descriptor '/home/xiaobaige/projects/ROS2_Gazebo_Sim/install/ipc_model_description/share/ipc_model_description/hook/cmake_prefix_path.dsv'
[1.172s] INFO:colcon.colcon_core.shell:Creating environment hook '/home/xiaobaige/projects/ROS2_Gazebo_Sim/install/ipc_model_description/share/ipc_model_description/hook/cmake_prefix_path.sh'
[1.173s] Level 1:colcon.colcon_core.environment:checking '/home/xiaobaige/projects/ROS2_Gazebo_Sim/install/ipc_model_description/bin'
[1.173s] Level 1:colcon.colcon_core.environment:checking '/home/xiaobaige/projects/ROS2_Gazebo_Sim/install/ipc_model_description/lib/pkgconfig/ipc_model_description.pc'
[1.173s] Level 1:colcon.colcon_core.environment:checking '/home/xiaobaige/projects/ROS2_Gazebo_Sim/install/ipc_model_description/lib/python3.8/site-packages'
[1.173s] Level 1:colcon.colcon_core.environment:checking '/home/xiaobaige/projects/ROS2_Gazebo_Sim/install/ipc_model_description/bin'
[1.174s] INFO:colcon.colcon_core.shell:Creating package script '/home/xiaobaige/projects/ROS2_Gazebo_Sim/install/ipc_model_description/share/ipc_model_description/package.ps1'
[1.174s] INFO:colcon.colcon_core.shell:Creating package descriptor '/home/xiaobaige/projects/ROS2_Gazebo_Sim/install/ipc_model_description/share/ipc_model_description/package.dsv'
[1.175s] INFO:colcon.colcon_core.shell:Creating package script '/home/xiaobaige/projects/ROS2_Gazebo_Sim/install/ipc_model_description/share/ipc_model_description/package.sh'
[1.175s] INFO:colcon.colcon_core.shell:Creating package script '/home/xiaobaige/projects/ROS2_Gazebo_Sim/install/ipc_model_description/share/ipc_model_description/package.bash'
[1.176s] INFO:colcon.colcon_core.shell:Creating package script '/home/xiaobaige/projects/ROS2_Gazebo_Sim/install/ipc_model_description/share/ipc_model_description/package.zsh'
[1.176s] Level 1:colcon.colcon_core.environment:create_file_with_runtime_dependencies(/home/xiaobaige/projects/ROS2_Gazebo_Sim/install/ipc_model_description/share/colcon-core/packages/ipc_model_description)
[1.179s] Level 1:colcon.colcon_core.environment:create_environment_scripts_only(ipc_controller)
[1.180s] Level 1:colcon.colcon_core.environment:checking '/home/xiaobaige/projects/ROS2_Gazebo_Sim/install/ipc_controller' for CMake module files
[1.181s] DEBUG:colcon.colcon_core.event_handler.log_command:Invoked command in '/home/xiaobaige/projects/ROS2_Gazebo_Sim/build/ipc_controller' returned '0': CMAKE_PREFIX_PATH=/opt/ros/galactic /usr/bin/cmake --install /home/xiaobaige/projects/ROS2_Gazebo_Sim/build/ipc_controller
[1.181s] Level 1:colcon.colcon_core.environment:checking '/home/xiaobaige/projects/ROS2_Gazebo_Sim/install/ipc_controller' for CMake config files
[1.181s] Level 1:colcon.colcon_core.shell:create_environment_hook('ipc_controller', 'cmake_prefix_path')
[1.182s] INFO:colcon.colcon_core.shell:Creating environment hook '/home/xiaobaige/projects/ROS2_Gazebo_Sim/install/ipc_controller/share/ipc_controller/hook/cmake_prefix_path.ps1'
[1.182s] INFO:colcon.colcon_core.shell:Creating environment descriptor '/home/xiaobaige/projects/ROS2_Gazebo_Sim/install/ipc_controller/share/ipc_controller/hook/cmake_prefix_path.dsv'
[1.182s] INFO:colcon.colcon_core.shell:Creating environment hook '/home/xiaobaige/projects/ROS2_Gazebo_Sim/install/ipc_controller/share/ipc_controller/hook/cmake_prefix_path.sh'
[1.183s] Level 1:colcon.colcon_core.environment:checking '/home/xiaobaige/projects/ROS2_Gazebo_Sim/install/ipc_controller/bin'
[1.183s] Level 1:colcon.colcon_core.environment:checking '/home/xiaobaige/projects/ROS2_Gazebo_Sim/install/ipc_controller/lib/pkgconfig/ipc_controller.pc'
[1.183s] Level 1:colcon.colcon_core.environment:checking '/home/xiaobaige/projects/ROS2_Gazebo_Sim/install/ipc_controller/lib/python3.8/site-packages'
[1.183s] Level 1:colcon.colcon_core.environment:checking '/home/xiaobaige/projects/ROS2_Gazebo_Sim/install/ipc_controller/bin'
[1.184s] INFO:colcon.colcon_core.shell:Creating package script '/home/xiaobaige/projects/ROS2_Gazebo_Sim/install/ipc_controller/share/ipc_controller/package.ps1'
[1.184s] INFO:colcon.colcon_core.shell:Creating package descriptor '/home/xiaobaige/projects/ROS2_Gazebo_Sim/install/ipc_controller/share/ipc_controller/package.dsv'
[1.184s] INFO:colcon.colcon_core.shell:Creating package script '/home/xiaobaige/projects/ROS2_Gazebo_Sim/install/ipc_controller/share/ipc_controller/package.sh'
[1.184s] INFO:colcon.colcon_core.shell:Creating package script '/home/xiaobaige/projects/ROS2_Gazebo_Sim/install/ipc_controller/share/ipc_controller/package.bash'
[1.185s] INFO:colcon.colcon_core.shell:Creating package script '/home/xiaobaige/projects/ROS2_Gazebo_Sim/install/ipc_controller/share/ipc_controller/package.zsh'
[1.185s] Level 1:colcon.colcon_core.environment:create_file_with_runtime_dependencies(/home/xiaobaige/projects/ROS2_Gazebo_Sim/install/ipc_controller/share/colcon-core/packages/ipc_controller)
[1.201s] Level 1:colcon.colcon_core.environment:create_environment_scripts_only(ipc_model_description)
[1.203s] Level 1:colcon.colcon_core.environment:checking '/home/xiaobaige/projects/ROS2_Gazebo_Sim/install/ipc_model_description' for CMake module files
[1.203s] Level 1:colcon.colcon_core.environment:checking '/home/xiaobaige/projects/ROS2_Gazebo_Sim/install/ipc_model_description' for CMake config files
[1.204s] Level 1:colcon.colcon_core.shell:create_environment_hook('ipc_model_description', 'cmake_prefix_path')
[1.205s] INFO:colcon.colcon_core.shell:Creating environment hook '/home/xiaobaige/projects/ROS2_Gazebo_Sim/install/ipc_model_description/share/ipc_model_description/hook/cmake_prefix_path.ps1'
[1.205s] INFO:colcon.colcon_core.shell:Creating environment descriptor '/home/xiaobaige/projects/ROS2_Gazebo_Sim/install/ipc_model_description/share/ipc_model_description/hook/cmake_prefix_path.dsv'
[1.205s] INFO:colcon.colcon_core.shell:Creating environment hook '/home/xiaobaige/projects/ROS2_Gazebo_Sim/install/ipc_model_description/share/ipc_model_description/hook/cmake_prefix_path.sh'
[1.206s] Level 1:colcon.colcon_core.environment:checking '/home/xiaobaige/projects/ROS2_Gazebo_Sim/install/ipc_model_description/bin'
[1.206s] Level 1:colcon.colcon_core.environment:checking '/home/xiaobaige/projects/ROS2_Gazebo_Sim/install/ipc_model_description/lib/pkgconfig/ipc_model_description.pc'
[1.206s] Level 1:colcon.colcon_core.environment:checking '/home/xiaobaige/projects/ROS2_Gazebo_Sim/install/ipc_model_description/lib/python3.8/site-packages'
[1.206s] Level 1:colcon.colcon_core.environment:checking '/home/xiaobaige/projects/ROS2_Gazebo_Sim/install/ipc_model_description/bin'
[1.208s] INFO:colcon.colcon_core.shell:Creating package script '/home/xiaobaige/projects/ROS2_Gazebo_Sim/install/ipc_model_description/share/ipc_model_description/package.ps1'
[1.208s] INFO:colcon.colcon_core.shell:Creating package descriptor '/home/xiaobaige/projects/ROS2_Gazebo_Sim/install/ipc_model_description/share/ipc_model_description/package.dsv'
[1.209s] INFO:colcon.colcon_core.shell:Creating package script '/home/xiaobaige/projects/ROS2_Gazebo_Sim/install/ipc_model_description/share/ipc_model_description/package.sh'
[1.209s] INFO:colcon.colcon_core.shell:Creating package script '/home/xiaobaige/projects/ROS2_Gazebo_Sim/install/ipc_model_description/share/ipc_model_description/package.bash'
[1.209s] INFO:colcon.colcon_core.shell:Creating package script '/home/xiaobaige/projects/ROS2_Gazebo_Sim/install/ipc_model_description/share/ipc_model_description/package.zsh'
[1.210s] Level 1:colcon.colcon_core.environment:create_file_with_runtime_dependencies(/home/xiaobaige/projects/ROS2_Gazebo_Sim/install/ipc_model_description/share/colcon-core/packages/ipc_model_description)
[1.212s] Level 1:colcon.colcon_core.environment:create_environment_scripts_only(ipc_controller)
[1.213s] Level 1:colcon.colcon_core.environment:checking '/home/xiaobaige/projects/ROS2_Gazebo_Sim/install/ipc_controller' for CMake module files
[1.214s] Level 1:colcon.colcon_core.environment:checking '/home/xiaobaige/projects/ROS2_Gazebo_Sim/install/ipc_controller' for CMake config files
[1.214s] Level 1:colcon.colcon_core.shell:create_environment_hook('ipc_controller', 'cmake_prefix_path')
[1.215s] INFO:colcon.colcon_core.shell:Creating environment hook '/home/xiaobaige/projects/ROS2_Gazebo_Sim/install/ipc_controller/share/ipc_controller/hook/cmake_prefix_path.ps1'
[1.216s] INFO:colcon.colcon_core.shell:Creating environment descriptor '/home/xiaobaige/projects/ROS2_Gazebo_Sim/install/ipc_controller/share/ipc_controller/hook/cmake_prefix_path.dsv'
[1.216s] INFO:colcon.colcon_core.shell:Creating environment hook '/home/xiaobaige/projects/ROS2_Gazebo_Sim/install/ipc_controller/share/ipc_controller/hook/cmake_prefix_path.sh'
[1.216s] Level 1:colcon.colcon_core.environment:checking '/home/xiaobaige/projects/ROS2_Gazebo_Sim/install/ipc_controller/bin'
[1.216s] Level 1:colcon.colcon_core.environment:checking '/home/xiaobaige/projects/ROS2_Gazebo_Sim/install/ipc_controller/lib/pkgconfig/ipc_controller.pc'
[1.217s] Level 1:colcon.colcon_core.environment:checking '/home/xiaobaige/projects/ROS2_Gazebo_Sim/install/ipc_controller/lib/python3.8/site-packages'
[1.217s] Level 1:colcon.colcon_core.environment:checking '/home/xiaobaige/projects/ROS2_Gazebo_Sim/install/ipc_controller/bin'
[1.218s] INFO:colcon.colcon_core.shell:Creating package script '/home/xiaobaige/projects/ROS2_Gazebo_Sim/install/ipc_controller/share/ipc_controller/package.ps1'
[1.218s] INFO:colcon.colcon_core.shell:Creating package descriptor '/home/xiaobaige/projects/ROS2_Gazebo_Sim/install/ipc_controller/share/ipc_controller/package.dsv'
[1.219s] INFO:colcon.colcon_core.shell:Creating package script '/home/xiaobaige/projects/ROS2_Gazebo_Sim/install/ipc_controller/share/ipc_controller/package.sh'
[1.219s] INFO:colcon.colcon_core.shell:Creating package script '/home/xiaobaige/projects/ROS2_Gazebo_Sim/install/ipc_controller/share/ipc_controller/package.bash'
[1.219s] INFO:colcon.colcon_core.shell:Creating package script '/home/xiaobaige/projects/ROS2_Gazebo_Sim/install/ipc_controller/share/ipc_controller/package.zsh'
[1.219s] Level 1:colcon.colcon_core.environment:create_file_with_runtime_dependencies(/home/xiaobaige/projects/ROS2_Gazebo_Sim/install/ipc_controller/share/colcon-core/packages/ipc_controller)
[1.220s] DEBUG:colcon.colcon_parallel_executor.executor.parallel:closing loop
[1.220s] DEBUG:colcon.colcon_parallel_executor.executor.parallel:loop closed
[1.220s] DEBUG:colcon.colcon_parallel_executor.executor.parallel:run_until_complete finished with '0'
[1.220s] DEBUG:colcon.colcon_core.event_reactor:joining thread
[1.229s] INFO:colcon.colcon_core.plugin_system:Skipping extension 'colcon_notification.desktop_notification.terminal_notifier': Not used on non-Darwin systems
[1.229s] INFO:colcon.colcon_core.plugin_system:Skipping extension 'colcon_notification.desktop_notification.win32': Not used on non-Windows systems
[1.229s] INFO:colcon.colcon_notification.desktop_notification:Sending desktop notification using 'notify2'
[1.250s] DEBUG:colcon.colcon_core.event_reactor:joined thread
[1.252s] INFO:colcon.colcon_core.shell:Creating prefix script '/home/xiaobaige/projects/ROS2_Gazebo_Sim/install/local_setup.ps1'
[1.253s] INFO:colcon.colcon_core.shell:Creating prefix util module '/home/xiaobaige/projects/ROS2_Gazebo_Sim/install/_local_setup_util_ps1.py'
[1.254s] INFO:colcon.colcon_core.shell:Creating prefix chain script '/home/xiaobaige/projects/ROS2_Gazebo_Sim/install/setup.ps1'
[1.256s] INFO:colcon.colcon_core.shell:Creating prefix script '/home/xiaobaige/projects/ROS2_Gazebo_Sim/install/local_setup.sh'
[1.256s] INFO:colcon.colcon_core.shell:Creating prefix util module '/home/xiaobaige/projects/ROS2_Gazebo_Sim/install/_local_setup_util_sh.py'
[1.257s] INFO:colcon.colcon_core.shell:Creating prefix chain script '/home/xiaobaige/projects/ROS2_Gazebo_Sim/install/setup.sh'
[1.259s] INFO:colcon.colcon_core.shell:Creating prefix script '/home/xiaobaige/projects/ROS2_Gazebo_Sim/install/local_setup.bash'
[1.259s] INFO:colcon.colcon_core.shell:Creating prefix chain script '/home/xiaobaige/projects/ROS2_Gazebo_Sim/install/setup.bash'
[1.261s] INFO:colcon.colcon_core.shell:Creating prefix script '/home/xiaobaige/projects/ROS2_Gazebo_Sim/install/local_setup.zsh'
[1.261s] INFO:colcon.colcon_core.shell:Creating prefix chain script '/home/xiaobaige/projects/ROS2_Gazebo_Sim/install/setup.zsh'
